2024-06-16 15:04:07,595 [Worker-7: Loading available Gradle versions] INFO  o.e.b.c.i.u.g.PublishedGradleVersions - Gradle version information cache is up-to-date. Trying to read.
2024-06-16 15:22:24,999 [Worker-4: Import Getting Started Content] INFO  o.e.m.c.i.l.LifecycleMappingFactory - Using org.eclipse.m2e.jdt.JarLifecycleMapping lifecycle mapping for MavenProject: com.becoder:12_Emp_System:0.0.1-SNAPSHOT @ C:\Users\Ajay\Documents\workspace-spring-tool-suite-4\New folder\EMPLOYEE MANAGEMENT SYSTEM\12_Emp_System\pom.xml.
2024-06-16 15:22:26,569 [Worker-4: Import Getting Started Content] INFO  o.e.m.j.i.AbstractJavaProjectConfigurator - Adding source folder /12_Emp_System/src/main/java
2024-06-16 15:22:26,571 [Worker-4: Import Getting Started Content] INFO  o.e.m.j.i.AbstractJavaProjectConfigurator - Adding resource folder /12_Emp_System/src/main/resources
2024-06-16 15:22:26,575 [Worker-4: Import Getting Started Content] INFO  o.e.m.j.i.AbstractJavaProjectConfigurator - Adding resource folder /12_Emp_System/src/main/resources
2024-06-16 15:22:26,589 [Worker-4: Import Getting Started Content] INFO  o.e.m.j.i.AbstractJavaProjectConfigurator - Adding source folder /12_Emp_System/src/test/java
2024-06-16 15:22:26,590 [Worker-4: Import Getting Started Content] INFO  o.e.m.j.i.AbstractJavaProjectConfigurator - Adding resource folder /12_Emp_System/src/test/resources
2024-06-16 15:22:27,428 [Worker-4: Import Getting Started Content] INFO  o.e.m.c.i.p.ProjectConfigurationManager - Imported and configured 1 project(s) in 3 sec
2024-06-16 15:22:27,435 [Worker-4: Import Getting Started Content] INFO  o.e.m.c.i.p.ProjectConfigurationManager - Update started
2024-06-16 15:22:28,105 [Worker-4: Import Getting Started Content] INFO  o.e.m.c.i.l.LifecycleMappingFactory - Using org.eclipse.m2e.jdt.JarLifecycleMapping lifecycle mapping for MavenProject: com.becoder:12_Emp_System:0.0.1-SNAPSHOT @ C:\Users\Ajay\Documents\workspace-spring-tool-suite-4\New folder\EMPLOYEE MANAGEMENT SYSTEM\12_Emp_System\pom.xml.
2024-06-16 15:22:29,116 [Worker-4: Import Getting Started Content] INFO  o.e.m.j.i.AbstractJavaProjectConfigurator - Adding source folder /12_Emp_System/src/main/java
2024-06-16 15:22:29,118 [Worker-4: Import Getting Started Content] INFO  o.e.m.j.i.AbstractJavaProjectConfigurator - Adding resource folder /12_Emp_System/src/main/resources
2024-06-16 15:22:29,120 [Worker-4: Import Getting Started Content] INFO  o.e.m.j.i.AbstractJavaProjectConfigurator - Adding resource folder /12_Emp_System/src/main/resources
2024-06-16 15:22:29,120 [Worker-4: Import Getting Started Content] INFO  o.e.m.j.i.AbstractJavaProjectConfigurator - Adding source folder /12_Emp_System/src/test/java
2024-06-16 15:22:29,122 [Worker-4: Import Getting Started Content] INFO  o.e.m.j.i.AbstractJavaProjectConfigurator - Adding resource folder /12_Emp_System/src/test/resources
2024-06-16 15:22:29,802 [Worker-4: Import Getting Started Content] INFO  o.e.m.c.i.p.ProjectConfigurationManager - Update completed for 1 poms: local refresh takes 0.00 sec, refresh facades takes 1.00 sec, update config takes 0.00 sec 
2024-06-16 15:22:31,018 [Worker-20: Building] INFO  o.a.m.s.f.DefaultMavenResourcesFiltering - Copying 1 resource from src\main\resources to target\classes
2024-06-16 15:22:31,048 [Worker-20: Building] INFO  o.a.m.s.f.DefaultMavenResourcesFiltering - Copying 0 resource from src\main\resources to target\classes
2024-06-16 15:22:31,056 [Worker-20: Building] INFO  o.a.m.s.f.DefaultMavenResourcesFiltering - skip non existing resourceDirectory C:\Users\Ajay\Documents\workspace-spring-tool-suite-4\New folder\EMPLOYEE MANAGEMENT SYSTEM\12_Emp_System\src\test\resources
2024-06-16 15:31:54,049 [Worker-1: Loading available Gradle versions] INFO  o.e.b.c.i.u.g.PublishedGradleVersions - Gradle version information cache is up-to-date. Trying to read.
2024-06-16 15:37:11,085 [Worker-9: Import Getting Started Content] INFO  o.e.m.c.i.l.LifecycleMappingFactory - Using org.eclipse.m2e.jdt.JarLifecycleMapping lifecycle mapping for MavenProject: com.becoder:17_Emp_System:0.0.1-SNAPSHOT @ C:\Users\Ajay\Documents\workspace-spring-tool-suite-4\New folder\EMPLOYEE MANAGEMENT SYSTEM\17_Emp_System\pom.xml.
2024-06-16 15:37:12,049 [Worker-9: Import Getting Started Content] INFO  o.e.m.j.i.AbstractJavaProjectConfigurator - Adding source folder /17_Emp_System/src/main/java
2024-06-16 15:37:12,052 [Worker-9: Import Getting Started Content] INFO  o.e.m.j.i.AbstractJavaProjectConfigurator - Adding resource folder /17_Emp_System/src/main/resources
2024-06-16 15:37:12,058 [Worker-9: Import Getting Started Content] INFO  o.e.m.j.i.AbstractJavaProjectConfigurator - Adding resource folder /17_Emp_System/src/main/resources
2024-06-16 15:37:12,064 [Worker-9: Import Getting Started Content] INFO  o.e.m.j.i.AbstractJavaProjectConfigurator - Adding source folder /17_Emp_System/src/test/java
2024-06-16 15:37:12,066 [Worker-9: Import Getting Started Content] INFO  o.e.m.j.i.AbstractJavaProjectConfigurator - Adding resource folder /17_Emp_System/src/test/resources
2024-06-16 15:37:12,423 [Worker-9: Import Getting Started Content] INFO  o.e.m.c.i.p.ProjectConfigurationManager - Imported and configured 1 project(s) in 2 sec
2024-06-16 15:37:12,426 [Worker-9: Import Getting Started Content] INFO  o.e.m.c.i.p.ProjectConfigurationManager - Update started
2024-06-16 15:37:12,761 [Worker-9: Import Getting Started Content] INFO  o.e.m.c.i.l.LifecycleMappingFactory - Using org.eclipse.m2e.jdt.JarLifecycleMapping lifecycle mapping for MavenProject: com.becoder:17_Emp_System:0.0.1-SNAPSHOT @ C:\Users\Ajay\Documents\workspace-spring-tool-suite-4\New folder\EMPLOYEE MANAGEMENT SYSTEM\17_Emp_System\pom.xml.
2024-06-16 15:37:13,320 [Worker-9: Import Getting Started Content] INFO  o.e.m.j.i.AbstractJavaProjectConfigurator - Adding source folder /17_Emp_System/src/main/java
2024-06-16 15:37:13,320 [Worker-9: Import Getting Started Content] INFO  o.e.m.j.i.AbstractJavaProjectConfigurator - Adding resource folder /17_Emp_System/src/main/resources
2024-06-16 15:37:13,321 [Worker-9: Import Getting Started Content] INFO  o.e.m.j.i.AbstractJavaProjectConfigurator - Adding resource folder /17_Emp_System/src/main/resources
2024-06-16 15:37:13,321 [Worker-9: Import Getting Started Content] INFO  o.e.m.j.i.AbstractJavaProjectConfigurator - Adding source folder /17_Emp_System/src/test/java
2024-06-16 15:37:13,322 [Worker-9: Import Getting Started Content] INFO  o.e.m.j.i.AbstractJavaProjectConfigurator - Adding resource folder /17_Emp_System/src/test/resources
2024-06-16 15:37:13,799 [Worker-9: Import Getting Started Content] INFO  o.e.m.c.i.p.ProjectConfigurationManager - Update completed for 1 poms: local refresh takes 0.00 sec, refresh facades takes 0.00 sec, update config takes 0.00 sec 
2024-06-16 15:37:14,838 [Worker-9: Building] INFO  o.a.m.s.f.DefaultMavenResourcesFiltering - Copying 1 resource from src\main\resources to target\classes
2024-06-16 15:37:14,858 [Worker-9: Building] INFO  o.a.m.s.f.DefaultMavenResourcesFiltering - Copying 0 resource from src\main\resources to target\classes
2024-06-16 15:37:14,870 [Worker-9: Building] INFO  o.a.m.s.f.DefaultMavenResourcesFiltering - skip non existing resourceDirectory C:\Users\Ajay\Documents\workspace-spring-tool-suite-4\New folder\EMPLOYEE MANAGEMENT SYSTEM\17_Emp_System\src\test\resources
2024-06-16 16:53:54,347 [Worker-1: Loading available Gradle versions] INFO  o.e.b.c.i.u.g.PublishedGradleVersions - Gradle version information cache is up-to-date. Trying to read.
2024-06-16 17:03:22,155 [Worker-1: Loading available Gradle versions] INFO  o.e.b.c.i.u.g.PublishedGradleVersions - Gradle version information cache is up-to-date. Trying to read.
2024-06-16 17:04:53,979 [Worker-1: Loading available Gradle versions] INFO  o.e.b.c.i.u.g.PublishedGradleVersions - Gradle version information cache is up-to-date. Trying to read.
2024-06-16 18:23:06,666 [Worker-3: Loading available Gradle versions] INFO  o.e.b.c.i.u.g.PublishedGradleVersions - Gradle version information cache is up-to-date. Trying to read.
